build/app/intermediates/manifest_merge_blame_file/release/manifest-merger-blame-release-report.txt
1<?xml version="1.0" encoding="utf-8"?>
2<manifest xmlns:android="http://schemas.android.com/apk/res/android"
3    package="com.example.monitt5"
4    android:versionCode="1"
5    android:versionName="1.0.0" >
6
7    <uses-sdk
8        android:minSdkVersion="20"
8-->src\main\AndroidManifest.xml
9        android:targetSdkVersion="31" />
9-->src\main\AndroidManifest.xml
10
11    <uses-permission android:name="android.permission.INTERNET" />
11-->[:firebase_messaging] AndroidManifest.xml:7:5-67
11-->[:firebase_messaging] AndroidManifest.xml:7:22-64
12    <uses-permission android:name="android.permission.WAKE_LOCK" />
12-->[:firebase_messaging] AndroidManifest.xml:8:5-68
12-->[:firebase_messaging] AndroidManifest.xml:8:22-65
13    <uses-permission android:name="android.permission.ACCESS_NETWORK_STATE" />
13-->[:firebase_messaging] AndroidManifest.xml:9:5-79
13-->[:firebase_messaging] AndroidManifest.xml:9:22-76
14    <uses-permission android:name="android.permission.RECEIVE_BOOT_COMPLETED" />
14-->[:flutter_local_notifications] AndroidManifest.xml:7:5-81
14-->[:flutter_local_notifications] AndroidManifest.xml:7:22-78
15    <uses-permission android:name="android.permission.VIBRATE" />
15-->[:flutter_local_notifications] AndroidManifest.xml:8:5-66
15-->[:flutter_local_notifications] AndroidManifest.xml:8:22-63
16    <uses-permission android:name="android.permission.USE_FULL_SCREEN_INTENT" />
16-->[:flutter_local_notifications] AndroidManifest.xml:9:5-81
16-->[:flutter_local_notifications] AndroidManifest.xml:9:22-78
17    <uses-permission android:name="android.permission.SCHEDULE_EXACT_ALARM" /> <!-- Required by older versions of Google Play services to create IID tokens -->
17-->[:flutter_local_notifications] AndroidManifest.xml:10:5-79
17-->[:flutter_local_notifications] AndroidManifest.xml:10:22-76
18    <uses-permission android:name="com.google.android.c2dm.permission.RECEIVE" />
18-->[com.google.firebase:firebase-messaging:23.0.3] AndroidManifest.xml:28:5-82
18-->[com.google.firebase:firebase-messaging:23.0.3] AndroidManifest.xml:28:22-79
19    <uses-permission android:name="com.google.android.gms.permission.AD_ID" />
19-->[com.google.android.gms:play-services-measurement-api:20.1.2] AndroidManifest.xml:25:5-79
19-->[com.google.android.gms:play-services-measurement-api:20.1.2] AndroidManifest.xml:25:22-76
20    <uses-permission android:name="com.google.android.finsky.permission.BIND_GET_INSTALL_REFERRER_SERVICE" />
20-->[com.google.android.gms:play-services-measurement:20.1.2] AndroidManifest.xml:26:5-110
20-->[com.google.android.gms:play-services-measurement:20.1.2] AndroidManifest.xml:26:22-107
21
22    <application
23        android:name="android.app.Application"
23-->src\main\AndroidManifest.xml:5:9-42
24        android:appComponentFactory="androidx.core.app.CoreComponentFactory"
24-->[androidx.core:core:1.6.0] AndroidManifest.xml:24:18-86
25        android:icon="@mipmap/logo"
25-->src\main\AndroidManifest.xml:6:9-36
26        android:label="Smart Garden" >
26-->src\main\AndroidManifest.xml:4:9-37
27        <activity
27-->src\main\AndroidManifest.xml:7:9-31:20
28            android:name="com.example.monitt5.MainActivity"
28-->src\main\AndroidManifest.xml:8:13-41
29            android:configChanges="orientation|keyboardHidden|keyboard|screenSize|smallestScreenSize|locale|layoutDirection|fontScale|screenLayout|density|uiMode"
29-->src\main\AndroidManifest.xml:12:13-163
30            android:exported="true"
30-->src\main\AndroidManifest.xml:9:13-36
31            android:hardwareAccelerated="true"
31-->src\main\AndroidManifest.xml:13:13-47
32            android:launchMode="singleTop"
32-->src\main\AndroidManifest.xml:10:13-43
33            android:theme="@style/LaunchTheme"
33-->src\main\AndroidManifest.xml:11:13-47
34            android:windowSoftInputMode="adjustResize" >
34-->src\main\AndroidManifest.xml:14:13-55
35
36            <!--
37                 Specifies an Android theme to apply to this Activity as soon as
38                 the Android process has started. This theme is visible to the user
39                 while the Flutter UI initializes. After that, this theme continues
40                 to determine the Window background behind the Flutter UI.
41            -->
42            <meta-data
42-->src\main\AndroidManifest.xml:19:13-22:17
43                android:name="io.flutter.embedding.android.NormalTheme"
43-->src\main\AndroidManifest.xml:20:15-70
44                android:resource="@style/NormalTheme" />
44-->src\main\AndroidManifest.xml:21:15-52
45
46            <intent-filter>
46-->src\main\AndroidManifest.xml:23:13-26:29
47                <action android:name="android.intent.action.MAIN" />
47-->src\main\AndroidManifest.xml:24:17-68
47-->src\main\AndroidManifest.xml:24:25-66
48
49                <category android:name="android.intent.category.LAUNCHER" />
49-->src\main\AndroidManifest.xml:25:17-76
49-->src\main\AndroidManifest.xml:25:27-74
50            </intent-filter>
51            <intent-filter>
51-->src\main\AndroidManifest.xml:27:13-30:29
52                <action android:name="FLUTTER_NOTIFICATION_CLICK" />
52-->src\main\AndroidManifest.xml:28:17-69
52-->src\main\AndroidManifest.xml:28:25-66
53
54                <category android:name="android.intent.category.DEFAULT" />
54-->src\main\AndroidManifest.xml:29:17-75
54-->src\main\AndroidManifest.xml:29:27-73
55            </intent-filter>
56        </activity>
57        <!--
58             Don't delete the meta-data below.
59             This is used by the Flutter tool to generate GeneratedPluginRegistrant.java
60        -->
61        <meta-data
61-->src\main\AndroidManifest.xml:34:9-36:33
62            android:name="flutterEmbedding"
62-->src\main\AndroidManifest.xml:35:13-44
63            android:value="2" />
63-->src\main\AndroidManifest.xml:36:13-30
64
65        <service
65-->[:firebase_auth] AndroidManifest.xml:8:9-12:19
66            android:name="com.google.firebase.components.ComponentDiscoveryService"
66-->[:firebase_auth] AndroidManifest.xml:8:18-89
67            android:directBootAware="true"
67-->[com.google.firebase:firebase-common:20.1.0] AndroidManifest.xml:35:13-43
68            android:exported="false" >
68-->[com.google.firebase:firebase-analytics-ktx:20.1.2] AndroidManifest.xml:10:13-37
69            <meta-data
69-->[:firebase_auth] AndroidManifest.xml:9:13-11:85
70                android:name="com.google.firebase.components:io.flutter.plugins.firebase.auth.FlutterFirebaseAuthRegistrar"
70-->[:firebase_auth] AndroidManifest.xml:10:17-124
71                android:value="com.google.firebase.components.ComponentRegistrar" />
71-->[:firebase_auth] AndroidManifest.xml:11:17-82
72            <meta-data
72-->[:firebase_database] AndroidManifest.xml:9:13-11:85
73                android:name="com.google.firebase.components:io.flutter.plugins.firebase.database.FlutterFirebaseAppRegistrar"
73-->[:firebase_database] AndroidManifest.xml:10:17-127
74                android:value="com.google.firebase.components.ComponentRegistrar" />
74-->[:firebase_database] AndroidManifest.xml:11:17-82
75            <meta-data
75-->[:cloud_firestore] AndroidManifest.xml:9:13-11:85
76                android:name="com.google.firebase.components:io.flutter.plugins.firebase.firestore.FlutterFirebaseFirestoreRegistrar"
76-->[:cloud_firestore] AndroidManifest.xml:10:17-134
77                android:value="com.google.firebase.components.ComponentRegistrar" />
77-->[:cloud_firestore] AndroidManifest.xml:11:17-82
78            <meta-data
78-->[:firebase_messaging] AndroidManifest.xml:34:13-36:85
79                android:name="com.google.firebase.components:io.flutter.plugins.firebase.messaging.FlutterFirebaseAppRegistrar"
79-->[:firebase_messaging] AndroidManifest.xml:35:17-128
80                android:value="com.google.firebase.components.ComponentRegistrar" />
80-->[:firebase_messaging] AndroidManifest.xml:36:17-82
81            <meta-data
81-->[:firebase_core] AndroidManifest.xml:9:13-11:85
82                android:name="com.google.firebase.components:io.flutter.plugins.firebase.core.FlutterFirebaseCoreRegistrar"
82-->[:firebase_core] AndroidManifest.xml:10:17-124
83                android:value="com.google.firebase.components.ComponentRegistrar" />
83-->[:firebase_core] AndroidManifest.xml:11:17-82
84            <meta-data
84-->[com.google.firebase:firebase-analytics-ktx:20.1.2] AndroidManifest.xml:11:13-13:85
85                android:name="com.google.firebase.components:com.google.firebase.analytics.ktx.FirebaseAnalyticsKtxRegistrar"
85-->[com.google.firebase:firebase-analytics-ktx:20.1.2] AndroidManifest.xml:12:17-126
86                android:value="com.google.firebase.components.ComponentRegistrar" />
86-->[com.google.firebase:firebase-analytics-ktx:20.1.2] AndroidManifest.xml:13:17-82
87            <meta-data
87-->[com.google.firebase:firebase-common-ktx:20.1.0] AndroidManifest.xml:15:13-17:85
88                android:name="com.google.firebase.components:com.google.firebase.ktx.FirebaseCommonKtxRegistrar"
88-->[com.google.firebase:firebase-common-ktx:20.1.0] AndroidManifest.xml:16:17-113
89                android:value="com.google.firebase.components.ComponentRegistrar" />
89-->[com.google.firebase:firebase-common-ktx:20.1.0] AndroidManifest.xml:17:17-82
90            <meta-data
90-->[com.google.firebase:firebase-messaging:23.0.3] AndroidManifest.xml:55:13-57:85
91                android:name="com.google.firebase.components:com.google.firebase.messaging.FirebaseMessagingRegistrar"
91-->[com.google.firebase:firebase-messaging:23.0.3] AndroidManifest.xml:56:17-119
92                android:value="com.google.firebase.components.ComponentRegistrar" />
92-->[com.google.firebase:firebase-messaging:23.0.3] AndroidManifest.xml:57:17-82
93            <meta-data
93-->[com.google.firebase:firebase-datatransport:18.1.2] AndroidManifest.xml:28:13-30:85
94                android:name="com.google.firebase.components:com.google.firebase.datatransport.TransportRegistrar"
94-->[com.google.firebase:firebase-datatransport:18.1.2] AndroidManifest.xml:29:17-115
95                android:value="com.google.firebase.components.ComponentRegistrar" />
95-->[com.google.firebase:firebase-datatransport:18.1.2] AndroidManifest.xml:30:17-82
96            <meta-data
96-->[com.google.firebase:firebase-auth:21.0.3] AndroidManifest.xml:67:13-69:85
97                android:name="com.google.firebase.components:com.google.firebase.auth.FirebaseAuthRegistrar"
97-->[com.google.firebase:firebase-auth:21.0.3] AndroidManifest.xml:68:17-109
98                android:value="com.google.firebase.components.ComponentRegistrar" />
98-->[com.google.firebase:firebase-auth:21.0.3] AndroidManifest.xml:69:17-82
99            <meta-data
99-->[com.google.firebase:firebase-firestore:24.1.1] AndroidManifest.xml:20:13-22:85
100                android:name="com.google.firebase.components:com.google.firebase.firestore.FirestoreRegistrar"
100-->[com.google.firebase:firebase-firestore:24.1.1] AndroidManifest.xml:21:17-111
101                android:value="com.google.firebase.components.ComponentRegistrar" />
101-->[com.google.firebase:firebase-firestore:24.1.1] AndroidManifest.xml:22:17-82
102            <meta-data
102-->[com.google.firebase:firebase-database:20.0.4] AndroidManifest.xml:32:13-34:85
103                android:name="com.google.firebase.components:com.google.firebase.database.DatabaseRegistrar"
103-->[com.google.firebase:firebase-database:20.0.4] AndroidManifest.xml:33:17-109
104                android:value="com.google.firebase.components.ComponentRegistrar" />
104-->[com.google.firebase:firebase-database:20.0.4] AndroidManifest.xml:34:17-82
105            <meta-data
105-->[com.google.android.gms:play-services-measurement-api:20.1.2] AndroidManifest.xml:31:13-33:85
106                android:name="com.google.firebase.components:com.google.firebase.analytics.connector.internal.AnalyticsConnectorRegistrar"
106-->[com.google.android.gms:play-services-measurement-api:20.1.2] AndroidManifest.xml:32:17-139
107                android:value="com.google.firebase.components.ComponentRegistrar" />
107-->[com.google.android.gms:play-services-measurement-api:20.1.2] AndroidManifest.xml:33:17-82
108            <meta-data
108-->[com.google.firebase:firebase-installations:17.0.1] AndroidManifest.xml:18:13-20:85
109                android:name="com.google.firebase.components:com.google.firebase.installations.FirebaseInstallationsRegistrar"
109-->[com.google.firebase:firebase-installations:17.0.1] AndroidManifest.xml:19:17-127
110                android:value="com.google.firebase.components.ComponentRegistrar" />
110-->[com.google.firebase:firebase-installations:17.0.1] AndroidManifest.xml:20:17-82
111        </service>
112        <service
112-->[:firebase_messaging] AndroidManifest.xml:12:9-15:72
113            android:name="io.flutter.plugins.firebase.messaging.FlutterFirebaseMessagingBackgroundService"
113-->[:firebase_messaging] AndroidManifest.xml:13:13-107
114            android:exported="false"
114-->[:firebase_messaging] AndroidManifest.xml:14:13-37
115            android:permission="android.permission.BIND_JOB_SERVICE" />
115-->[:firebase_messaging] AndroidManifest.xml:15:13-69
116        <service
116-->[:firebase_messaging] AndroidManifest.xml:16:9-22:19
117            android:name="io.flutter.plugins.firebase.messaging.FlutterFirebaseMessagingService"
117-->[:firebase_messaging] AndroidManifest.xml:17:13-97
118            android:exported="false" >
118-->[:firebase_messaging] AndroidManifest.xml:18:13-37
119            <intent-filter>
119-->[:firebase_messaging] AndroidManifest.xml:19:13-21:29
120                <action android:name="com.google.firebase.MESSAGING_EVENT" />
120-->[:firebase_messaging] AndroidManifest.xml:20:17-78
120-->[:firebase_messaging] AndroidManifest.xml:20:25-75
121            </intent-filter>
122        </service>
123
124        <receiver
124-->[:firebase_messaging] AndroidManifest.xml:24:9-31:20
125            android:name="io.flutter.plugins.firebase.messaging.FlutterFirebaseMessagingReceiver"
125-->[:firebase_messaging] AndroidManifest.xml:25:13-98
126            android:exported="true"
126-->[:firebase_messaging] AndroidManifest.xml:26:13-36
127            android:permission="com.google.android.c2dm.permission.SEND" >
127-->[:firebase_messaging] AndroidManifest.xml:27:13-73
128            <intent-filter>
128-->[:firebase_messaging] AndroidManifest.xml:28:13-30:29
129                <action android:name="com.google.android.c2dm.intent.RECEIVE" />
129-->[:firebase_messaging] AndroidManifest.xml:29:17-81
129-->[:firebase_messaging] AndroidManifest.xml:29:25-78
130            </intent-filter>
131        </receiver>
132
133        <provider
133-->[:firebase_messaging] AndroidManifest.xml:39:9-43:38
134            android:name="io.flutter.plugins.firebase.messaging.FlutterFirebaseMessagingInitProvider"
134-->[:firebase_messaging] AndroidManifest.xml:40:13-102
135            android:authorities="com.example.monitt5.flutterfirebasemessaginginitprovider"
135-->[:firebase_messaging] AndroidManifest.xml:41:13-88
136            android:exported="false"
136-->[:firebase_messaging] AndroidManifest.xml:42:13-37
137            android:initOrder="99" />
137-->[:firebase_messaging] AndroidManifest.xml:43:13-35
138
139        <receiver
139-->[:flutter_local_notifications] AndroidManifest.xml:13:9-15:40
140            android:name="com.dexterous.flutterlocalnotifications.ScheduledNotificationReceiver"
140-->[:flutter_local_notifications] AndroidManifest.xml:14:13-97
141            android:exported="false" />
141-->[:flutter_local_notifications] AndroidManifest.xml:15:13-37
142        <receiver
142-->[:flutter_local_notifications] AndroidManifest.xml:16:9-25:20
143            android:name="com.dexterous.flutterlocalnotifications.ScheduledNotificationBootReceiver"
143-->[:flutter_local_notifications] AndroidManifest.xml:17:13-101
144            android:exported="false" >
144-->[:flutter_local_notifications] AndroidManifest.xml:18:13-37
145            <intent-filter>
145-->[:flutter_local_notifications] AndroidManifest.xml:19:13-24:29
146                <action android:name="android.intent.action.BOOT_COMPLETED" />
146-->[:flutter_local_notifications] AndroidManifest.xml:20:17-79
146-->[:flutter_local_notifications] AndroidManifest.xml:20:25-76
147                <action android:name="android.intent.action.MY_PACKAGE_REPLACED" />
147-->[:flutter_local_notifications] AndroidManifest.xml:21:17-84
147-->[:flutter_local_notifications] AndroidManifest.xml:21:25-81
148                <action android:name="android.intent.action.QUICKBOOT_POWERON" />
148-->[:flutter_local_notifications] AndroidManifest.xml:22:17-82
148-->[:flutter_local_notifications] AndroidManifest.xml:22:25-79
149                <action android:name="com.htc.intent.action.QUICKBOOT_POWERON" />
149-->[:flutter_local_notifications] AndroidManifest.xml:23:17-82
149-->[:flutter_local_notifications] AndroidManifest.xml:23:25-79
150            </intent-filter>
151        </receiver>
152
153        <uses-library
153-->[androidx.window:window:1.0.0-beta04] AndroidManifest.xml:25:9-27:40
154            android:name="androidx.window.extensions"
154-->[androidx.window:window:1.0.0-beta04] AndroidManifest.xml:26:13-54
155            android:required="false" />
155-->[androidx.window:window:1.0.0-beta04] AndroidManifest.xml:27:13-37
156        <uses-library
156-->[androidx.window:window:1.0.0-beta04] AndroidManifest.xml:28:9-30:40
157            android:name="androidx.window.sidecar"
157-->[androidx.window:window:1.0.0-beta04] AndroidManifest.xml:29:13-51
158            android:required="false" />
158-->[androidx.window:window:1.0.0-beta04] AndroidManifest.xml:30:13-37
159
160        <receiver
160-->[com.google.firebase:firebase-messaging:23.0.3] AndroidManifest.xml:31:9-38:20
161            android:name="com.google.firebase.iid.FirebaseInstanceIdReceiver"
161-->[com.google.firebase:firebase-messaging:23.0.3] AndroidManifest.xml:32:13-78
162            android:exported="true"
162-->[com.google.firebase:firebase-messaging:23.0.3] AndroidManifest.xml:33:13-36
163            android:permission="com.google.android.c2dm.permission.SEND" >
163-->[com.google.firebase:firebase-messaging:23.0.3] AndroidManifest.xml:34:13-73
164            <intent-filter>
164-->[:firebase_messaging] AndroidManifest.xml:28:13-30:29
165                <action android:name="com.google.android.c2dm.intent.RECEIVE" />
165-->[:firebase_messaging] AndroidManifest.xml:29:17-81
165-->[:firebase_messaging] AndroidManifest.xml:29:25-78
166            </intent-filter>
167        </receiver>
168        <!--
169             FirebaseMessagingService performs security checks at runtime,
170             but set to not exported to explicitly avoid allowing another app to call it.
171        -->
172        <service
172-->[com.google.firebase:firebase-messaging:23.0.3] AndroidManifest.xml:44:9-51:19
173            android:name="com.google.firebase.messaging.FirebaseMessagingService"
173-->[com.google.firebase:firebase-messaging:23.0.3] AndroidManifest.xml:45:13-82
174            android:directBootAware="true"
174-->[com.google.firebase:firebase-messaging:23.0.3] AndroidManifest.xml:46:13-43
175            android:exported="false" >
175-->[com.google.firebase:firebase-messaging:23.0.3] AndroidManifest.xml:47:13-37
176            <intent-filter android:priority="-500" >
176-->[:firebase_messaging] AndroidManifest.xml:19:13-21:29
177                <action android:name="com.google.firebase.MESSAGING_EVENT" />
177-->[:firebase_messaging] AndroidManifest.xml:20:17-78
177-->[:firebase_messaging] AndroidManifest.xml:20:25-75
178            </intent-filter>
179        </service>
180        <service
180-->[com.google.android.datatransport:transport-backend-cct:3.1.3] AndroidManifest.xml:29:9-35:19
181            android:name="com.google.android.datatransport.runtime.backends.TransportBackendDiscovery"
181-->[com.google.android.datatransport:transport-backend-cct:3.1.3] AndroidManifest.xml:30:13-103
182            android:exported="false" >
182-->[com.google.android.datatransport:transport-backend-cct:3.1.3] AndroidManifest.xml:31:13-37
183            <meta-data
183-->[com.google.android.datatransport:transport-backend-cct:3.1.3] AndroidManifest.xml:32:13-34:39
184                android:name="backend:com.google.android.datatransport.cct.CctBackendFactory"
184-->[com.google.android.datatransport:transport-backend-cct:3.1.3] AndroidManifest.xml:33:17-94
185                android:value="cct" />
185-->[com.google.android.datatransport:transport-backend-cct:3.1.3] AndroidManifest.xml:34:17-36
186        </service>
187        <service
187-->[com.google.android.datatransport:transport-runtime:3.1.3] AndroidManifest.xml:26:9-30:19
188            android:name="com.google.android.datatransport.runtime.scheduling.jobscheduling.JobInfoSchedulerService"
188-->[com.google.android.datatransport:transport-runtime:3.1.3] AndroidManifest.xml:27:13-117
189            android:exported="false"
189-->[com.google.android.datatransport:transport-runtime:3.1.3] AndroidManifest.xml:28:13-37
190            android:permission="android.permission.BIND_JOB_SERVICE" >
190-->[com.google.android.datatransport:transport-runtime:3.1.3] AndroidManifest.xml:29:13-69
191        </service>
192
193        <receiver
193-->[com.google.android.datatransport:transport-runtime:3.1.3] AndroidManifest.xml:32:9-34:40
194            android:name="com.google.android.datatransport.runtime.scheduling.jobscheduling.AlarmManagerSchedulerBroadcastReceiver"
194-->[com.google.android.datatransport:transport-runtime:3.1.3] AndroidManifest.xml:33:13-132
195            android:exported="false" />
195-->[com.google.android.datatransport:transport-runtime:3.1.3] AndroidManifest.xml:34:13-37
196
197        <activity
197-->[com.google.firebase:firebase-auth:21.0.3] AndroidManifest.xml:27:9-44:20
198            android:name="com.google.firebase.auth.internal.GenericIdpActivity"
198-->[com.google.firebase:firebase-auth:21.0.3] AndroidManifest.xml:28:13-80
199            android:excludeFromRecents="true"
199-->[com.google.firebase:firebase-auth:21.0.3] AndroidManifest.xml:29:13-46
200            android:exported="true"
200-->[com.google.firebase:firebase-auth:21.0.3] AndroidManifest.xml:30:13-36
201            android:launchMode="singleTask"
201-->[com.google.firebase:firebase-auth:21.0.3] AndroidManifest.xml:31:13-44
202            android:theme="@android:style/Theme.Translucent.NoTitleBar" >
202-->[com.google.firebase:firebase-auth:21.0.3] AndroidManifest.xml:32:13-72
203            <intent-filter>
203-->[com.google.firebase:firebase-auth:21.0.3] AndroidManifest.xml:33:13-43:29
204                <action android:name="android.intent.action.VIEW" />
204-->[com.google.firebase:firebase-auth:21.0.3] AndroidManifest.xml:34:17-69
204-->[com.google.firebase:firebase-auth:21.0.3] AndroidManifest.xml:34:25-66
205
206                <category android:name="android.intent.category.DEFAULT" />
206-->src\main\AndroidManifest.xml:29:17-75
206-->src\main\AndroidManifest.xml:29:27-73
207                <category android:name="android.intent.category.BROWSABLE" />
207-->[com.google.firebase:firebase-auth:21.0.3] AndroidManifest.xml:37:17-78
207-->[com.google.firebase:firebase-auth:21.0.3] AndroidManifest.xml:37:27-75
208
209                <data
209-->[com.google.firebase:firebase-auth:21.0.3] AndroidManifest.xml:39:17-42:51
210                    android:host="firebase.auth"
210-->[com.google.firebase:firebase-auth:21.0.3] AndroidManifest.xml:40:21-49
211                    android:path="/"
211-->[com.google.firebase:firebase-auth:21.0.3] AndroidManifest.xml:41:21-37
212                    android:scheme="genericidp" />
212-->[com.google.firebase:firebase-auth:21.0.3] AndroidManifest.xml:42:21-48
213            </intent-filter>
214        </activity>
215        <activity
215-->[com.google.firebase:firebase-auth:21.0.3] AndroidManifest.xml:45:9-62:20
216            android:name="com.google.firebase.auth.internal.RecaptchaActivity"
216-->[com.google.firebase:firebase-auth:21.0.3] AndroidManifest.xml:46:13-79
217            android:excludeFromRecents="true"
217-->[com.google.firebase:firebase-auth:21.0.3] AndroidManifest.xml:47:13-46
218            android:exported="true"
218-->[com.google.firebase:firebase-auth:21.0.3] AndroidManifest.xml:48:13-36
219            android:launchMode="singleTask"
219-->[com.google.firebase:firebase-auth:21.0.3] AndroidManifest.xml:49:13-44
220            android:theme="@android:style/Theme.Translucent.NoTitleBar" >
220-->[com.google.firebase:firebase-auth:21.0.3] AndroidManifest.xml:50:13-72
221            <intent-filter>
221-->[com.google.firebase:firebase-auth:21.0.3] AndroidManifest.xml:51:13-61:29
222                <action android:name="android.intent.action.VIEW" />
222-->[com.google.firebase:firebase-auth:21.0.3] AndroidManifest.xml:34:17-69
222-->[com.google.firebase:firebase-auth:21.0.3] AndroidManifest.xml:34:25-66
223
224                <category android:name="android.intent.category.DEFAULT" />
224-->src\main\AndroidManifest.xml:29:17-75
224-->src\main\AndroidManifest.xml:29:27-73
225                <category android:name="android.intent.category.BROWSABLE" />
225-->[com.google.firebase:firebase-auth:21.0.3] AndroidManifest.xml:37:17-78
225-->[com.google.firebase:firebase-auth:21.0.3] AndroidManifest.xml:37:27-75
226
227                <data
227-->[com.google.firebase:firebase-auth:21.0.3] AndroidManifest.xml:39:17-42:51
228                    android:host="firebase.auth"
228-->[com.google.firebase:firebase-auth:21.0.3] AndroidManifest.xml:40:21-49
229                    android:path="/"
229-->[com.google.firebase:firebase-auth:21.0.3] AndroidManifest.xml:41:21-37
230                    android:scheme="recaptcha" />
230-->[com.google.firebase:firebase-auth:21.0.3] AndroidManifest.xml:42:21-48
231            </intent-filter>
232        </activity>
233
234        <provider
234-->[com.google.firebase:firebase-common:20.1.0] AndroidManifest.xml:26:9-31:39
235            android:name="com.google.firebase.provider.FirebaseInitProvider"
235-->[com.google.firebase:firebase-common:20.1.0] AndroidManifest.xml:27:13-77
236            android:authorities="com.example.monitt5.firebaseinitprovider"
236-->[com.google.firebase:firebase-common:20.1.0] AndroidManifest.xml:28:13-72
237            android:directBootAware="true"
237-->[com.google.firebase:firebase-common:20.1.0] AndroidManifest.xml:29:13-43
238            android:exported="false"
238-->[com.google.firebase:firebase-common:20.1.0] AndroidManifest.xml:30:13-37
239            android:initOrder="100" />
239-->[com.google.firebase:firebase-common:20.1.0] AndroidManifest.xml:31:13-36
240
241        <receiver
241-->[com.google.android.gms:play-services-measurement:20.1.2] AndroidManifest.xml:29:9-33:20
242            android:name="com.google.android.gms.measurement.AppMeasurementReceiver"
242-->[com.google.android.gms:play-services-measurement:20.1.2] AndroidManifest.xml:30:13-85
243            android:enabled="true"
243-->[com.google.android.gms:play-services-measurement:20.1.2] AndroidManifest.xml:31:13-35
244            android:exported="false" >
244-->[com.google.android.gms:play-services-measurement:20.1.2] AndroidManifest.xml:32:13-37
245        </receiver>
246
247        <service
247-->[com.google.android.gms:play-services-measurement:20.1.2] AndroidManifest.xml:35:9-38:40
248            android:name="com.google.android.gms.measurement.AppMeasurementService"
248-->[com.google.android.gms:play-services-measurement:20.1.2] AndroidManifest.xml:36:13-84
249            android:enabled="true"
249-->[com.google.android.gms:play-services-measurement:20.1.2] AndroidManifest.xml:37:13-35
250            android:exported="false" />
250-->[com.google.android.gms:play-services-measurement:20.1.2] AndroidManifest.xml:38:13-37
251        <service
251-->[com.google.android.gms:play-services-measurement:20.1.2] AndroidManifest.xml:39:9-43:72
252            android:name="com.google.android.gms.measurement.AppMeasurementJobService"
252-->[com.google.android.gms:play-services-measurement:20.1.2] AndroidManifest.xml:40:13-87
253            android:enabled="true"
253-->[com.google.android.gms:play-services-measurement:20.1.2] AndroidManifest.xml:41:13-35
254            android:exported="false"
254-->[com.google.android.gms:play-services-measurement:20.1.2] AndroidManifest.xml:42:13-37
255            android:permission="android.permission.BIND_JOB_SERVICE" />
255-->[com.google.android.gms:play-services-measurement:20.1.2] AndroidManifest.xml:43:13-69
256
257        <activity
257-->[com.google.android.gms:play-services-base:18.0.1] AndroidManifest.xml:20:9-22:45
258            android:name="com.google.android.gms.common.api.GoogleApiActivity"
258-->[com.google.android.gms:play-services-base:18.0.1] AndroidManifest.xml:20:19-85
259            android:exported="false"
259-->[com.google.android.gms:play-services-base:18.0.1] AndroidManifest.xml:22:19-43
260            android:theme="@android:style/Theme.Translucent.NoTitleBar" />
260-->[com.google.android.gms:play-services-base:18.0.1] AndroidManifest.xml:21:19-78
261
262        <meta-data
262-->[com.google.android.gms:play-services-basement:18.0.0] AndroidManifest.xml:21:9-23:69
263            android:name="com.google.android.gms.version"
263-->[com.google.android.gms:play-services-basement:18.0.0] AndroidManifest.xml:22:13-58
264            android:value="@integer/google_play_services_version" />
264-->[com.google.android.gms:play-services-basement:18.0.0] AndroidManifest.xml:23:13-66
265    </application>
266
267</manifest>